app/build/intermediates/manifest_merge_blame_file/debug/manifest-merger-blame-debug-report.txt
1<?xml version="1.0" encoding="utf-8"?>
2<manifest xmlns:android="http://schemas.android.com/apk/res/android"
3    package="com.al.astronauts"
4    android:versionCode="1"
5    android:versionName="1.0" >
6
7    <uses-sdk
8        android:minSdkVersion="24"
9        android:targetSdkVersion="34" />
10
11    <uses-permission android:name="android.permission.INTERNET" />
11-->src/main/AndroidManifest.xml:5:5-67
11-->src/main/AndroidManifest.xml:5:22-64
12    <uses-permission android:name="android.permission.ACCESS_FINE_LOCATION" />
12-->src/main/AndroidManifest.xml:6:5-79
12-->src/main/AndroidManifest.xml:6:22-76
13    <uses-permission android:name="android.permission.ACCESS_COARSE_LOCATION" />
13-->src/main/AndroidManifest.xml:7:5-81
13-->src/main/AndroidManifest.xml:7:22-78
14
15    <!-- Include required permissions for Google Maps API to run. -->
16    <uses-permission android:name="android.permission.ACCESS_NETWORK_STATE" />
16-->[com.google.android.gms:play-services-maps:18.0.1] AndroidManifest.xml:23:5-79
16-->[com.google.android.gms:play-services-maps:18.0.1] AndroidManifest.xml:23:22-76
17
18    <uses-feature
18-->[com.google.android.gms:play-services-maps:18.0.1] AndroidManifest.xml:26:5-28:35
19        android:glEsVersion="0x00020000"
19-->[com.google.android.gms:play-services-maps:18.0.1] AndroidManifest.xml:27:9-41
20        android:required="true" />
20-->[com.google.android.gms:play-services-maps:18.0.1] AndroidManifest.xml:28:9-32
21
22    <queries>
22-->[com.google.android.gms:play-services-maps:18.0.1] AndroidManifest.xml:30:5-34:15
23
24        <!-- Needs to be explicitly declared on Android R+ -->
25        <package android:name="com.google.android.apps.maps" />
25-->[com.google.android.gms:play-services-maps:18.0.1] AndroidManifest.xml:33:9-64
25-->[com.google.android.gms:play-services-maps:18.0.1] AndroidManifest.xml:33:18-61
26    </queries>
27
28    <permission
28-->[androidx.core:core:1.12.0] AndroidManifest.xml:22:5-24:47
29        android:name="com.al.astronauts.DYNAMIC_RECEIVER_NOT_EXPORTED_PERMISSION"
29-->[androidx.core:core:1.12.0] AndroidManifest.xml:23:9-81
30        android:protectionLevel="signature" />
30-->[androidx.core:core:1.12.0] AndroidManifest.xml:24:9-44
31
32    <uses-permission android:name="com.al.astronauts.DYNAMIC_RECEIVER_NOT_EXPORTED_PERMISSION" />
32-->[androidx.core:core:1.12.0] AndroidManifest.xml:26:5-97
32-->[androidx.core:core:1.12.0] AndroidManifest.xml:26:22-94
33
34    <application
34-->src/main/AndroidManifest.xml:9:5-38:19
35        android:allowBackup="true"
35-->src/main/AndroidManifest.xml:10:9-35
36        android:appComponentFactory="androidx.core.app.CoreComponentFactory"
36-->[androidx.core:core:1.12.0] AndroidManifest.xml:28:18-86
37        android:dataExtractionRules="@xml/data_extraction_rules"
37-->src/main/AndroidManifest.xml:11:9-65
38        android:debuggable="true"
39        android:extractNativeLibs="false"
40        android:fullBackupContent="@xml/backup_rules"
40-->src/main/AndroidManifest.xml:12:9-54
41        android:icon="@mipmap/ic_launcher"
41-->src/main/AndroidManifest.xml:13:9-43
42        android:label="@string/app_name"
42-->src/main/AndroidManifest.xml:14:9-41
43        android:networkSecurityConfig="@xml/network_security_config"
43-->src/main/AndroidManifest.xml:17:9-69
44        android:roundIcon="@mipmap/ic_launcher_round"
44-->src/main/AndroidManifest.xml:15:9-54
45        android:supportsRtl="true"
45-->src/main/AndroidManifest.xml:16:9-35
46        android:testOnly="true"
47        android:theme="@style/Theme.Astronauts" >
47-->src/main/AndroidManifest.xml:18:9-48
48        <meta-data
48-->src/main/AndroidManifest.xml:20:9-22:63
49            android:name="com.google.android.actions"
49-->src/main/AndroidManifest.xml:21:13-54
50            android:resource="@xml/network_security_config" />
50-->src/main/AndroidManifest.xml:22:13-60
51        <meta-data
51-->src/main/AndroidManifest.xml:24:9-26:55
52            android:name="com.google.android.geo.API_KEY"
52-->src/main/AndroidManifest.xml:25:13-58
53            android:value="@string/google_maps_key" />
53-->src/main/AndroidManifest.xml:26:13-52
54
55        <activity
55-->src/main/AndroidManifest.xml:27:9-37:20
56            android:name="com.al.astronauts.view.MainActivity"
56-->src/main/AndroidManifest.xml:28:13-46
57            android:exported="true"
57-->src/main/AndroidManifest.xml:29:13-36
58            android:label="@string/app_name"
58-->src/main/AndroidManifest.xml:30:13-45
59            android:theme="@style/Theme.Astronauts" >
59-->src/main/AndroidManifest.xml:31:13-52
60            <intent-filter>
60-->src/main/AndroidManifest.xml:32:13-36:29
61                <action android:name="android.intent.action.MAIN" />
61-->src/main/AndroidManifest.xml:33:17-69
61-->src/main/AndroidManifest.xml:33:25-66
62
63                <category android:name="android.intent.category.LAUNCHER" />
63-->src/main/AndroidManifest.xml:35:17-77
63-->src/main/AndroidManifest.xml:35:27-74
64            </intent-filter>
65        </activity>
66
67        <service
67-->[androidx.room:room-runtime:2.6.0] AndroidManifest.xml:24:9-28:63
68            android:name="androidx.room.MultiInstanceInvalidationService"
68-->[androidx.room:room-runtime:2.6.0] AndroidManifest.xml:25:13-74
69            android:directBootAware="true"
69-->[androidx.room:room-runtime:2.6.0] AndroidManifest.xml:26:13-43
70            android:exported="false" /> <!-- Needs to be explicitly declared on P+ -->
70-->[androidx.room:room-runtime:2.6.0] AndroidManifest.xml:27:13-37
71        <uses-library
71-->[com.google.android.gms:play-services-maps:18.0.1] AndroidManifest.xml:39:9-41:40
72            android:name="org.apache.http.legacy"
72-->[com.google.android.gms:play-services-maps:18.0.1] AndroidManifest.xml:40:13-50
73            android:required="false" />
73-->[com.google.android.gms:play-services-maps:18.0.1] AndroidManifest.xml:41:13-37
74
75        <activity
75-->[com.google.android.gms:play-services-base:18.1.0] AndroidManifest.xml:20:9-22:45
76            android:name="com.google.android.gms.common.api.GoogleApiActivity"
76-->[com.google.android.gms:play-services-base:18.1.0] AndroidManifest.xml:20:19-85
77            android:exported="false"
77-->[com.google.android.gms:play-services-base:18.1.0] AndroidManifest.xml:22:19-43
78            android:theme="@android:style/Theme.Translucent.NoTitleBar" />
78-->[com.google.android.gms:play-services-base:18.1.0] AndroidManifest.xml:21:19-78
79
80        <meta-data
80-->[com.google.android.gms:play-services-basement:18.1.0] AndroidManifest.xml:21:9-23:69
81            android:name="com.google.android.gms.version"
81-->[com.google.android.gms:play-services-basement:18.1.0] AndroidManifest.xml:22:13-58
82            android:value="@integer/google_play_services_version" />
82-->[com.google.android.gms:play-services-basement:18.1.0] AndroidManifest.xml:23:13-66
83
84        <provider
84-->[androidx.emoji2:emoji2:1.2.0] AndroidManifest.xml:24:9-32:20
85            android:name="androidx.startup.InitializationProvider"
85-->[androidx.emoji2:emoji2:1.2.0] AndroidManifest.xml:25:13-67
86            android:authorities="com.al.astronauts.androidx-startup"
86-->[androidx.emoji2:emoji2:1.2.0] AndroidManifest.xml:26:13-68
87            android:exported="false" >
87-->[androidx.emoji2:emoji2:1.2.0] AndroidManifest.xml:27:13-37
88            <meta-data
88-->[androidx.emoji2:emoji2:1.2.0] AndroidManifest.xml:29:13-31:52
89                android:name="androidx.emoji2.text.EmojiCompatInitializer"
89-->[androidx.emoji2:emoji2:1.2.0] AndroidManifest.xml:30:17-75
90                android:value="androidx.startup" />
90-->[androidx.emoji2:emoji2:1.2.0] AndroidManifest.xml:31:17-49
91            <meta-data
91-->[androidx.lifecycle:lifecycle-process:2.6.2] AndroidManifest.xml:29:13-31:52
92                android:name="androidx.lifecycle.ProcessLifecycleInitializer"
92-->[androidx.lifecycle:lifecycle-process:2.6.2] AndroidManifest.xml:30:17-78
93                android:value="androidx.startup" />
93-->[androidx.lifecycle:lifecycle-process:2.6.2] AndroidManifest.xml:31:17-49
94            <meta-data
94-->[androidx.profileinstaller:profileinstaller:1.3.0] AndroidManifest.xml:29:13-31:52
95                android:name="androidx.profileinstaller.ProfileInstallerInitializer"
95-->[androidx.profileinstaller:profileinstaller:1.3.0] AndroidManifest.xml:30:17-85
96                android:value="androidx.startup" />
96-->[androidx.profileinstaller:profileinstaller:1.3.0] AndroidManifest.xml:31:17-49
97        </provider>
98
99        <uses-library
99-->[androidx.window:window:1.0.0] AndroidManifest.xml:25:9-27:40
100            android:name="androidx.window.extensions"
100-->[androidx.window:window:1.0.0] AndroidManifest.xml:26:13-54
101            android:required="false" />
101-->[androidx.window:window:1.0.0] AndroidManifest.xml:27:13-37
102        <uses-library
102-->[androidx.window:window:1.0.0] AndroidManifest.xml:28:9-30:40
103            android:name="androidx.window.sidecar"
103-->[androidx.window:window:1.0.0] AndroidManifest.xml:29:13-51
104            android:required="false" />
104-->[androidx.window:window:1.0.0] AndroidManifest.xml:30:13-37
105
106        <receiver
106-->[androidx.profileinstaller:profileinstaller:1.3.0] AndroidManifest.xml:34:9-52:20
107            android:name="androidx.profileinstaller.ProfileInstallReceiver"
107-->[androidx.profileinstaller:profileinstaller:1.3.0] AndroidManifest.xml:35:13-76
108            android:directBootAware="false"
108-->[androidx.profileinstaller:profileinstaller:1.3.0] AndroidManifest.xml:36:13-44
109            android:enabled="true"
109-->[androidx.profileinstaller:profileinstaller:1.3.0] AndroidManifest.xml:37:13-35
110            android:exported="true"
110-->[androidx.profileinstaller:profileinstaller:1.3.0] AndroidManifest.xml:38:13-36
111            android:permission="android.permission.DUMP" >
111-->[androidx.profileinstaller:profileinstaller:1.3.0] AndroidManifest.xml:39:13-57
112            <intent-filter>
112-->[androidx.profileinstaller:profileinstaller:1.3.0] AndroidManifest.xml:40:13-42:29
113                <action android:name="androidx.profileinstaller.action.INSTALL_PROFILE" />
113-->[androidx.profileinstaller:profileinstaller:1.3.0] AndroidManifest.xml:41:17-91
113-->[androidx.profileinstaller:profileinstaller:1.3.0] AndroidManifest.xml:41:25-88
114            </intent-filter>
115            <intent-filter>
115-->[androidx.profileinstaller:profileinstaller:1.3.0] AndroidManifest.xml:43:13-45:29
116                <action android:name="androidx.profileinstaller.action.SKIP_FILE" />
116-->[androidx.profileinstaller:profileinstaller:1.3.0] AndroidManifest.xml:44:17-85
116-->[androidx.profileinstaller:profileinstaller:1.3.0] AndroidManifest.xml:44:25-82
117            </intent-filter>
118            <intent-filter>
118-->[androidx.profileinstaller:profileinstaller:1.3.0] AndroidManifest.xml:46:13-48:29
119                <action android:name="androidx.profileinstaller.action.SAVE_PROFILE" />
119-->[androidx.profileinstaller:profileinstaller:1.3.0] AndroidManifest.xml:47:17-88
119-->[androidx.profileinstaller:profileinstaller:1.3.0] AndroidManifest.xml:47:25-85
120            </intent-filter>
121            <intent-filter>
121-->[androidx.profileinstaller:profileinstaller:1.3.0] AndroidManifest.xml:49:13-51:29
122                <action android:name="androidx.profileinstaller.action.BENCHMARK_OPERATION" />
122-->[androidx.profileinstaller:profileinstaller:1.3.0] AndroidManifest.xml:50:17-95
122-->[androidx.profileinstaller:profileinstaller:1.3.0] AndroidManifest.xml:50:25-92
123            </intent-filter>
124        </receiver>
125    </application>
126
127</manifest>